proguard.cfg

-optimizationpasses 5

-verbose
#-----------保护用到反射的类和方法-------------
-optimizations !code/simplification/arithmetic,!field/*,!class/merging/*

-keep public class * extends android.app.Activity
-keep public class * extends android.app.Application
-keep public class * extends android.app.Service
-keep public class * extends android.content.BroadcastReceiver
-keep public class * extends android.content.ContentProvider
-keep public class * extends android.app.backup.BackupAgentHelper
-keep public class * extends android.preference.Preference
-keep public class com.android.vending.licensing.ILicensingService
#-----------保护第三方jar中的类-------------
-keep public class com.baidu.** { *; }
-keep public class org.jsoup.** { *; }

-dontwarn org.apache.**
-keep class org.apache.** { *;}

-keepclasseswithmembernames class * {
    native <methods>;
}

-keep public class * extends android.view.View {
    public <init>(android.content.Context);
    public <init>(android.content.Context, android.util.AttributeSet);
    public <init>(android.content.Context, android.util.AttributeSet, int);
    public void set*(...);
}

-keepclassmembers enum * {
    public static **[] values();
    public static ** valueOf(java.lang.String);
}
#-----------------保护序列化的类----------------
-keep class * implements android.os.Parcelable {
  public static final android.os.Parcelable$Creator *;
}
-keepclassmembers class * implements java.io.Serializable {
    <fields>;
}
-keepattributes **
-libraryjars <java.home>/lib/rt.jar


-dontshrink


-dontoptimize


-repackageclasses ''
-flattenpackagehierarchy ''
-target 1.6

# -------- 以下是使用了 roboguice-1.1.2.jar 以及 guice-2.0-no_app.jar 功能需要保护的字段及类相关 --------
-keep class com.google.inject.Binder
-keepclassmembers class * {
    @com.google.inject.Inject <init>(...);
}
-keepclassmembers class * {
    void *(**On*Event); 
}
-keepclassmembers class **.R$* {
    public static <fields>;
}

-keep class android.support.v4.**
-dontwarn android.support.v4.**


-dontwarn com.classpackage.AA



-keepclassmembers class * {
	public <methods>;
}