proguard/seeds.txt
com.ifeng.vshare.BuildConfig: BuildConfig()
com.ifeng.vshare.Manifest: Manifest()
com.ifeng.vshare.Manifest$permission: Manifest$permission()
com.ifeng.vshare.PagerSliderConnectAdapter: PagerSliderConnectAdapter(android.support.v4.app.FragmentManager,java.util.List,com.ifeng.util.ui.SlideTabbarView)
com.ifeng.vshare.PagerSliderConnectAdapter: int getCount()
com.ifeng.vshare.PagerSliderConnectAdapter: android.support.v4.app.Fragment getItem(int)
com.ifeng.vshare.PagerSliderConnectAdapter: void destroyItem(android.view.ViewGroup,int,java.lang.Object)
com.ifeng.vshare.PagerSliderConnectAdapter: void onPageSelected(int)
com.ifeng.vshare.PagerSliderConnectAdapter: void onPageScrolled(int,float,int)
com.ifeng.vshare.PagerSliderConnectAdapter: void onPageScrollStateChanged(int)
com.ifeng.vshare.R: R()
com.ifeng.vshare.R$anim: int activity_anim_push_left_in
com.ifeng.vshare.R$anim: int activity_anim_push_left_out
com.ifeng.vshare.R$anim: int activity_anim_push_right_in
com.ifeng.vshare.R$anim: int activity_anim_push_right_out
com.ifeng.vshare.R$anim: R$anim()
com.ifeng.vshare.R$attr: R$attr()
com.ifeng.vshare.R$color: int background_btn_commentbar
com.ifeng.vshare.R$color: int background_btn_lecture_left
com.ifeng.vshare.R$color: int background_btn_lecture_right
com.ifeng.vshare.R$color: int background_fragment
com.ifeng.vshare.R$color: int background_listitem_act
com.ifeng.vshare.R$color: int background_listitem_nor
com.ifeng.vshare.R$color: int background_navigation
com.ifeng.vshare.R$color: int background_navigation_dark
com.ifeng.vshare.R$color: int background_navigation_divider
com.ifeng.vshare.R$color: int background_navigation_divider_dark
com.ifeng.vshare.R$color: int background_photodetail
com.ifeng.vshare.R$color: int background_source_tips_topic
com.ifeng.vshare.R$color: int background_source_tips_video
com.ifeng.vshare.R$color: int background_state_dark
com.ifeng.vshare.R$color: int background_state_light
com.ifeng.vshare.R$color: int black
com.ifeng.vshare.R$color: int btn_blue_act
com.ifeng.vshare.R$color: int btn_blue_nor
com.ifeng.vshare.R$color: int btn_disable
com.ifeng.vshare.R$color: int btn_orange_act
com.ifeng.vshare.R$color: int btn_orange_nor
com.ifeng.vshare.R$color: int divider
com.ifeng.vshare.R$color: int font_about
com.ifeng.vshare.R$color: int font_books_section_localbook
com.ifeng.vshare.R$color: int font_books_section_remotebook
com.ifeng.vshare.R$color: int font_club_section_country
com.ifeng.vshare.R$color: int font_club_section_detail
com.ifeng.vshare.R$color: int font_club_section_local
com.ifeng.vshare.R$dimen: int activity_horizontal_margin
com.ifeng.vshare.R$dimen: int font_club_info_little
com.ifeng.vshare.R$dimen: int font_discount_connect
com.ifeng.vshare.R$dimen: int font_headline_news_tagging
com.ifeng.vshare.R$dimen: int font_headline_news_title
com.ifeng.vshare.R$dimen: int font_headline_news_topic_content
com.ifeng.vshare.R$dimen: int font_headline_news_topic_subtitle
com.ifeng.vshare.R$dimen: int font_list_author
com.ifeng.vshare.R$dimen: int font_list_desc_little
com.ifeng.vshare.R$dimen: int font_list_location
com.ifeng.vshare.R$dimen: int font_list_subtitle
com.ifeng.vshare.R$dimen: int font_list_tag
com.ifeng.vshare.R$dimen: int font_list_title
com.ifeng.vshare.R$dimen: int font_mediaplay_time
com.ifeng.vshare.R$dimen: int font_points_exchangehint_little
com.ifeng.vshare.R$dimen: int font_slidebar
com.ifeng.vshare.R$dimen: int font_title
com.ifeng.vshare.R$dimen: R$dimen()
...
com.baidu.mapapi.cloud.Bounds
com.baidu.mapapi.cloud.Bounds: com.baidu.platform.comapi.basestruct.GeoPoint leftBottom
com.baidu.mapapi.cloud.Bounds: com.baidu.platform.comapi.basestruct.GeoPoint rightTop
com.baidu.mapapi.cloud.Bounds: Bounds(int,int,int,int)
com.baidu.mapapi.cloud.BoundsSearchInfo
com.baidu.mapapi.cloud.BoundsSearchInfo: java.lang.String queryWords
com.baidu.mapapi.cloud.BoundsSearchInfo: com.baidu.mapapi.cloud.Bounds bounds
com.baidu.mapapi.cloud.BoundsSearchInfo: android.content.ContentValues filter
com.baidu.mapapi.cloud.BoundsSearchInfo: int scope
com.baidu.mapapi.cloud.BoundsSearchInfo: int pageIndex
com.baidu.mapapi.cloud.BoundsSearchInfo: int pageSize
com.baidu.mapapi.cloud.BoundsSearchInfo: java.lang.String ak
com.baidu.mapapi.cloud.BoundsSearchInfo: java.lang.String sn
com.baidu.mapapi.cloud.BoundsSearchInfo: int timeStamp
com.baidu.mapapi.cloud.BoundsSearchInfo: BoundsSearchInfo()
com.baidu.mapapi.cloud.BoundsSearchInfo: java.lang.String a()
com.baidu.mapapi.cloud.CustomPoiInfo
com.baidu.mapapi.cloud.CustomPoiInfo: int uid
com.baidu.mapapi.cloud.CustomPoiInfo: int databoxId
com.baidu.mapapi.cloud.CustomPoiInfo: java.lang.String name
com.baidu.mapapi.cloud.CustomPoiInfo: java.lang.String address
com.baidu.mapapi.cloud.CustomPoiInfo: java.lang.String telephone
com.baidu.mapapi.cloud.CustomPoiInfo: java.lang.String postCode
com.baidu.mapapi.cloud.CustomPoiInfo: int provinceId
com.baidu.mapapi.cloud.CustomPoiInfo: int cityId
com.baidu.mapapi.cloud.CustomPoiInfo: int districtId
com.baidu.mapapi.cloud.CustomPoiInfo: java.lang.String provinceName
com.baidu.mapapi.cloud.CustomPoiInfo: java.lang.String cityName
com.baidu.mapapi.cloud.CustomPoiInfo: java.lang.String districtName
com.baidu.mapapi.cloud.CustomPoiInfo: float latitude
com.baidu.mapapi.cloud.CustomPoiInfo: float longitude
com.baidu.mapapi.cloud.CustomPoiInfo: java.lang.String tag
com.baidu.mapapi.cloud.CustomPoiInfo: int poiType
com.baidu.mapapi.cloud.CustomPoiInfo: java.util.Map poiExtend
com.baidu.mapapi.cloud.CustomPoiInfo: CustomPoiInfo()
com.baidu.mapapi.cloud.DetailResult
com.baidu.mapapi.cloud.DetailResult: int status
com.baidu.mapapi.cloud.DetailResult: java.lang.String message
com.baidu.mapapi.cloud.DetailResult: com.baidu.mapapi.cloud.CustomPoiInfo content
com.baidu.mapapi.cloud.DetailResult: DetailResult()
com.baidu.mapapi.cloud.DetailSearchInfo
com.baidu.mapapi.cloud.DetailSearchInfo: int id
com.baidu.mapapi.cloud.DetailSearchInfo: int scope
com.baidu.mapapi.cloud.DetailSearchInfo: java.lang.String ak
com.baidu.mapapi.cloud.DetailSearchInfo: java.lang.String sn
com.baidu.mapapi.cloud.DetailSearchInfo: int timeStamp
com.baidu.mapapi.cloud.DetailSearchInfo: DetailSearchInfo()
com.baidu.mapapi.cloud.DetailSearchInfo: java.lang.String a()
com.baidu.mapapi.cloud.GeoSearchListener
com.baidu.mapapi.cloud.GeoSearchListener: void onGetGeoResult(com.baidu.mapapi.cloud.GeoSearchResult,int,int)
com.baidu.mapapi.cloud.GeoSearchListener: void onGetGeoDetailsResult(com.baidu.mapapi.cloud.DetailResult,int,int)