proguard/mapping.txt
com.ifeng.vshare.BuildConfig -> com.ifeng.vshare.a:
    boolean DEBUG -> a
com.ifeng.vshare.Manifest -> com.ifeng.vshare.b:
com.ifeng.vshare.Manifest$permission -> com.ifeng.vshare.b$a:
    java.lang.String BAIDU_LOCATION_SERVICE -> a
com.ifeng.vshare.PagerSliderConnectAdapter -> com.ifeng.vshare.c:
    java.util.List mFragments -> c
    com.ifeng.util.ui.SlideTabbarView mSlideTabbar -> d
    36:36:int getCount() -> getCount
    41:41:android.support.v4.app.Fragment getItem(int) -> getItem
    46:46:void destroyItem(android.view.ViewGroup,int,java.lang.Object) -> destroyItem
    50:51:void onPageSelected(int) -> onPageSelected
    55:55:void onPageScrolled(int,float,int) -> onPageScrolled
    59:59:void onPageScrollStateChanged(int) -> onPageScrollStateChanged
com.ifeng.vshare.R -> com.ifeng.vshare.d:
com.ifeng.vshare.R$anim -> com.ifeng.vshare.d$a:
    int activity_anim_push_left_in -> activity_anim_push_left_in
    int activity_anim_push_left_out -> activity_anim_push_left_out
    int activity_anim_push_right_in -> activity_anim_push_right_in
    int activity_anim_push_right_out -> activity_anim_push_right_out
com.ifeng.vshare.R$attr -> com.ifeng.vshare.d$b:
com.ifeng.vshare.R$color -> com.ifeng.vshare.d$c:
    int background_btn_commentbar -> background_btn_commentbar
    int background_btn_lecture_left -> background_btn_lecture_left
    int background_btn_lecture_right -> background_btn_lecture_right
    int background_fragment -> background_fragment
    int background_listitem_act -> background_listitem_act
    int background_listitem_nor -> background_listitem_nor
    int background_navigation -> background_navigation
    int background_navigation_dark -> background_navigation_dark
    int background_navigation_divider -> background_navigation_divider
    int background_navigation_divider_dark -> background_navigation_divider_dark
    int background_photodetail -> background_photodetail
    int background_source_tips_topic -> background_source_tips_topic
    int background_source_tips_video -> background_source_tips_video
    int background_state_dark -> background_state_dark
    int background_state_light -> background_state_light
    int black -> black
    int btn_blue_act -> btn_blue_act
    int btn_blue_nor -> btn_blue_nor
    int btn_disable -> btn_disable
    int btn_orange_act -> btn_orange_act
    int btn_orange_nor -> btn_orange_nor
    int divider -> divider
    int font_about -> font_about
    int font_books_section_localbook -> font_books_section_localbook
    int font_books_section_remotebook -> font_books_section_remotebook
    int font_club_section_country -> font_club_section_country
com.ifeng.vshare.R$dimen -> com.ifeng.vshare.d$d:
    int activity_horizontal_margin -> activity_horizontal_margin
    int font_club_info_little -> font_club_info_little
    int font_discount_connect -> font_discount_connect
    int font_headline_news_tagging -> font_headline_news_tagging
    int font_headline_news_title -> font_headline_news_title
    int font_headline_news_topic_content -> font_headline_news_topic_content
    int font_headline_news_topic_subtitle -> font_headline_news_topic_subtitle
    int font_list_author -> font_list_author
    int font_list_desc_little -> font_list_desc_little
    int font_list_location -> font_list_location
    int font_list_subtitle -> font_list_subtitle
    int font_list_tag -> font_list_tag
    int font_list_title -> font_list_title
    int font_mediaplay_time -> font_mediaplay_time
    int font_points_exchangehint_little -> font_points_exchangehint_little
    int font_slidebar -> font_slidebar
    int font_title -> font_title
...
com.ifeng.util.net.requestor.AbstractRequestor$OnPreloadFromCacheListener -> ad$a:
    void onCacheLoaded(com.ifeng.util.net.requestor.AbstractRequestor) -> onCacheLoaded
com.ifeng.util.net.requestor.BaseUploadFileRequestor -> ae:
    34:37:void process() -> b
    42:45:com.ifeng.util.net.requestor.WebRequestTask getWebRequestTask(com.ifeng.util.net.requestor.RequestTask$OnRequestTaskListener) -> a
    50:59:java.util.List getRequestParams() -> j
    java.util.List getRequestStringParams() -> m
    java.util.List getRequestFileParams() -> n
com.ifeng.util.net.requestor.CacheRequestTask -> af:
    java.lang.String TAG -> c
    com.ifeng.util.net.requestor.RequestDataCache mDataCache -> d
    43:70:void processRequest() -> a
com.ifeng.util.net.requestor.IRequestModelErrorCode -> ag:
    int ERROR_CODE_NO_URL -> b
    int ERROR_CODE_NET_FAILED -> c
    int ERROR_CODE_SERVICE_ERROR -> d
com.ifeng.util.net.requestor.RequestDataCache -> ah:
    java.lang.String TAG -> b
    boolean DEBUG -> a
    int DEFAULT_CACHE_SIZE -> c
    boolean DEFAULT_CACHE_ENABLED -> d
    int DEFAULT_CACHE_VALIDITY_TIME -> e
    int DEFAULT_CACHE_EXIST_TIME -> f
    java.lang.String DEFAULT_CACHE_TAG -> g
    java.lang.String FILENAME_PROPERTY -> h
    java.lang.String KEY_CACHE_SIZE -> i
    java.lang.String KEY_CACHE_VALIDITY_TIME -> j
    java.lang.String KEY_CACHE_EXIST_TIME -> k
    android.content.Context mContext -> l
    java.lang.String mId -> m
    java.io.File mCacheFileDir -> n
    com.ifeng.util.net.requestor.RequestDataCache$DataCacheParams mDataCacheParams -> o
    100:147:void init() -> a
    153:165:void cleanWasteCache() -> b
    171:196:void cleanOverrangeCache() -> c
    206:228:boolean save(java.lang.String) -> save
    237:244:boolean isEffective() -> isEffective
    253:260:boolean isExist() -> isExist
    269:296:java.lang.String load() -> load
    305:309:boolean delete() -> delete
    313:316:java.io.File getCurrentTagCache() -> d
    325:325:com.ifeng.util.net.requestor.RequestDataCache$DataCacheParams getDataCacheParams() -> getDataCacheParams
    338:348:java.io.File getExternalCacheDir(android.content.Context) -> getExternalCacheDir
    358:364:java.lang.String hashKeyForDisk(java.lang.String) -> a
    369:377:java.lang.String bytesToHexString(byte[]) -> a
com.ifeng.util.net.requestor.RequestDataCache$DataCacheParams -> ah$a:
    boolean cacheEnabled -> a
    java.lang.String cacheFileTag -> b
    int cacheSize -> c
    int cacheValidityTime -> d
    int cacheExistTime -> e
com.ifeng.util.net.requestor.RequestTask -> ai:
    java.lang.String TAG -> c
    boolean DEBUG -> a
    java.util.concurrent.ExecutorService THREAD_POOL -> d
    java.util.concurrent.atomic.AtomicBoolean mIsCancel -> e
    int mPriority -> f
    com.ifeng.util.net.requestor.RequestTask$OnRequestTaskListener mOnRequestTaskListener -> b
    65:74:void run() -> run
    void processRequest() -> a
    87:91:void execute() -> execute
    97:97:boolean isCancel() -> isCancel
    104:105:void cancel() -> cancel
com.ifeng.util.net.requestor.RequestTask$OnRequestTaskListener -> ai$a:
    void onSuccess(java.lang.String) -> onSuccess
    void onFailed(int) -> onFailed
    void onProgress() -> onProgress
com.ifeng.util.net.requestor.UploadRequestTask -> aj:
    83:199:void processRequest() -> a
com.ifeng.util.net.requestor.UploadRequestTask$FileValuePair -> aj$a:
com.ifeng.util.net.requestor.WebRequestTask -> ak:
    java.lang.String TAG -> c
    long SLEEP_TIME_WHILE_REQUEST_FAILED -> d
    com.ifeng.util.net.requestor.WebRequestTask$RequestType mRequestType -> j
    int TRY_COUNT -> e
    java.lang.String mUrl -> f
    java.util.List mHeaders -> g
    java.util.List mParams -> h
    android.content.Context mContext -> i
    132:259:void processRequest() -> a
    265:265:com.ifeng.util.net.requestor.WebRequestTask$RequestType getRequestType() -> getRequestType
    273:274:void setRequestType(com.ifeng.util.net.requestor.WebRequestTask$RequestType) -> setRequestType